Wed Feb 15 10:09:12 IST 2023 : Apache Derby Network Server - 10.16.1.1 - (1901046) started and ready to accept connections on port 1527
Wed Feb 15 10:13:27 IST 2023 Thread[DRDAConnThread_2,5,main] (DATABASE = null), (DRDAID = null), Execution failed because of a Distributed Protocol Error:  DRDA_Proto_SYNTAXRM; CODPNT arg  = 0; Error Code Value = 3. Plaintext connection attempt from an SSL enabled client?
Wed Feb 15 10:13:27 IST 2023 : Execution failed because of a Distributed Protocol Error:  DRDA_Proto_SYNTAXRM; CODPNT arg  = 0; Error Code Value = 3. Plaintext connection attempt from an SSL enabled client?
org.apache.derby.impl.drda.DRDAProtocolException: Execution failed because of a Distributed Protocol Error:  DRDA_Proto_SYNTAXRM; CODPNT arg  = 0; Error Code Value = 3. Plaintext connection attempt from an SSL enabled client?
	at org.apache.derby.impl.drda.DRDAConnThread.throwSyntaxrm(DRDAConnThread.java:531)
	at org.apache.derby.impl.drda.DDMReader.readDssHeader(DDMReader.java:359)
	at org.apache.derby.impl.drda.DRDAConnThread.exchangeServerAttributes(DRDAConnThread.java:1174)
	at org.apache.derby.impl.drda.DRDAConnThread.sessionInitialState(DRDAConnThread.java:682)
	at org.apache.derby.impl.drda.DRDAConnThread.run(DRDAConnThread.java:286)
Wed Feb 15 10:13:29 IST 2023 Thread[DRDAConnThread_2,5,main] (DATABASE = null), (DRDAID = null), Execution failed because of a Distributed Protocol Error:  DRDA_Proto_SYNTAXRM; CODPNT arg  = 0; Error Code Value = 3. Plaintext connection attempt from an SSL enabled client?
Wed Feb 15 10:13:29 IST 2023 : Execution failed because of a Distributed Protocol Error:  DRDA_Proto_SYNTAXRM; CODPNT arg  = 0; Error Code Value = 3. Plaintext connection attempt from an SSL enabled client?
org.apache.derby.impl.drda.DRDAProtocolException: Execution failed because of a Distributed Protocol Error:  DRDA_Proto_SYNTAXRM; CODPNT arg  = 0; Error Code Value = 3. Plaintext connection attempt from an SSL enabled client?
	at org.apache.derby.impl.drda.DRDAConnThread.throwSyntaxrm(DRDAConnThread.java:531)
	at org.apache.derby.impl.drda.DDMReader.readDssHeader(DDMReader.java:359)
	at org.apache.derby.impl.drda.DRDAConnThread.exchangeServerAttributes(DRDAConnThread.java:1174)
	at org.apache.derby.impl.drda.DRDAConnThread.sessionInitialState(DRDAConnThread.java:682)
	at org.apache.derby.impl.drda.DRDAConnThread.run(DRDAConnThread.java:286)
Wed Feb 15 10:13:30 IST 2023 Thread[DRDAConnThread_3,5,main] (DATABASE = null), (DRDAID = null), Execution failed because of a Distributed Protocol Error:  DRDA_Proto_SYNTAXRM; CODPNT arg  = 0; Error Code Value = 3. Plaintext connection attempt from an SSL enabled client?
Wed Feb 15 10:13:30 IST 2023 : Execution failed because of a Distributed Protocol Error:  DRDA_Proto_SYNTAXRM; CODPNT arg  = 0; Error Code Value = 3. Plaintext connection attempt from an SSL enabled client?
org.apache.derby.impl.drda.DRDAProtocolException: Execution failed because of a Distributed Protocol Error:  DRDA_Proto_SYNTAXRM; CODPNT arg  = 0; Error Code Value = 3. Plaintext connection attempt from an SSL enabled client?
	at org.apache.derby.impl.drda.DRDAConnThread.throwSyntaxrm(DRDAConnThread.java:531)
	at org.apache.derby.impl.drda.DDMReader.readDssHeader(DDMReader.java:359)
	at org.apache.derby.impl.drda.DRDAConnThread.exchangeServerAttributes(DRDAConnThread.java:1174)
	at org.apache.derby.impl.drda.DRDAConnThread.sessionInitialState(DRDAConnThread.java:682)
	at org.apache.derby.impl.drda.DRDAConnThread.run(DRDAConnThread.java:286)
Wed Feb 15 10:13:30 IST 2023 Thread[DRDAConnThread_3,5,main] (DATABASE = null), (DRDAID = null), Execution failed because of a Distributed Protocol Error:  DRDA_Proto_SYNTAXRM; CODPNT arg  = 0; Error Code Value = 3. Plaintext connection attempt from an SSL enabled client?
Wed Feb 15 10:13:30 IST 2023 : Execution failed because of a Distributed Protocol Error:  DRDA_Proto_SYNTAXRM; CODPNT arg  = 0; Error Code Value = 3. Plaintext connection attempt from an SSL enabled client?
org.apache.derby.impl.drda.DRDAProtocolException: Execution failed because of a Distributed Protocol Error:  DRDA_Proto_SYNTAXRM; CODPNT arg  = 0; Error Code Value = 3. Plaintext connection attempt from an SSL enabled client?
	at org.apache.derby.impl.drda.DRDAConnThread.throwSyntaxrm(DRDAConnThread.java:531)
	at org.apache.derby.impl.drda.DDMReader.readDssHeader(DDMReader.java:359)
	at org.apache.derby.impl.drda.DRDAConnThread.exchangeServerAttributes(DRDAConnThread.java:1174)
	at org.apache.derby.impl.drda.DRDAConnThread.sessionInitialState(DRDAConnThread.java:682)
	at org.apache.derby.impl.drda.DRDAConnThread.run(DRDAConnThread.java:286)
Wed Feb 15 10:13:35 IST 2023 Thread[DRDAConnThread_4,5,main] (DATABASE = null), (DRDAID = null), Execution failed because of a Distributed Protocol Error:  DRDA_Proto_SYNTAXRM; CODPNT arg  = 0; Error Code Value = 3. Plaintext connection attempt from an SSL enabled client?
Wed Feb 15 10:13:35 IST 2023 : Execution failed because of a Distributed Protocol Error:  DRDA_Proto_SYNTAXRM; CODPNT arg  = 0; Error Code Value = 3. Plaintext connection attempt from an SSL enabled client?
org.apache.derby.impl.drda.DRDAProtocolException: Execution failed because of a Distributed Protocol Error:  DRDA_Proto_SYNTAXRM; CODPNT arg  = 0; Error Code Value = 3. Plaintext connection attempt from an SSL enabled client?
	at org.apache.derby.impl.drda.DRDAConnThread.throwSyntaxrm(DRDAConnThread.java:531)
	at org.apache.derby.impl.drda.DDMReader.readDssHeader(DDMReader.java:359)
	at org.apache.derby.impl.drda.DRDAConnThread.exchangeServerAttributes(DRDAConnThread.java:1174)
	at org.apache.derby.impl.drda.DRDAConnThread.sessionInitialState(DRDAConnThread.java:682)
	at org.apache.derby.impl.drda.DRDAConnThread.run(DRDAConnThread.java:286)
Wed Feb 15 10:13:35 IST 2023 Thread[DRDAConnThread_4,5,main] (DATABASE = null), (DRDAID = null), Execution failed because of a Distributed Protocol Error:  DRDA_Proto_SYNTAXRM; CODPNT arg  = 0; Error Code Value = 3. Plaintext connection attempt from an SSL enabled client?
Wed Feb 15 10:13:35 IST 2023 : Execution failed because of a Distributed Protocol Error:  DRDA_Proto_SYNTAXRM; CODPNT arg  = 0; Error Code Value = 3. Plaintext connection attempt from an SSL enabled client?
org.apache.derby.impl.drda.DRDAProtocolException: Execution failed because of a Distributed Protocol Error:  DRDA_Proto_SYNTAXRM; CODPNT arg  = 0; Error Code Value = 3. Plaintext connection attempt from an SSL enabled client?
	at org.apache.derby.impl.drda.DRDAConnThread.throwSyntaxrm(DRDAConnThread.java:531)
	at org.apache.derby.impl.drda.DDMReader.readDssHeader(DDMReader.java:359)
	at org.apache.derby.impl.drda.DRDAConnThread.exchangeServerAttributes(DRDAConnThread.java:1174)
	at org.apache.derby.impl.drda.DRDAConnThread.sessionInitialState(DRDAConnThread.java:682)
	at org.apache.derby.impl.drda.DRDAConnThread.run(DRDAConnThread.java:286)
Wed Feb 15 10:14:06 IST 2023 Thread[DRDAConnThread_5,5,main] (DATABASE = null), (DRDAID = null), Execution failed because of a Distributed Protocol Error:  DRDA_Proto_SYNTAXRM; CODPNT arg  = 0; Error Code Value = 3. Plaintext connection attempt from an SSL enabled client?
Wed Feb 15 10:14:06 IST 2023 : Execution failed because of a Distributed Protocol Error:  DRDA_Proto_SYNTAXRM; CODPNT arg  = 0; Error Code Value = 3. Plaintext connection attempt from an SSL enabled client?
org.apache.derby.impl.drda.DRDAProtocolException: Execution failed because of a Distributed Protocol Error:  DRDA_Proto_SYNTAXRM; CODPNT arg  = 0; Error Code Value = 3. Plaintext connection attempt from an SSL enabled client?
	at org.apache.derby.impl.drda.DRDAConnThread.throwSyntaxrm(DRDAConnThread.java:531)
	at org.apache.derby.impl.drda.DDMReader.readDssHeader(DDMReader.java:359)
	at org.apache.derby.impl.drda.DRDAConnThread.exchangeServerAttributes(DRDAConnThread.java:1174)
	at org.apache.derby.impl.drda.DRDAConnThread.sessionInitialState(DRDAConnThread.java:682)
	at org.apache.derby.impl.drda.DRDAConnThread.run(DRDAConnThread.java:286)
Wed Feb 15 10:14:06 IST 2023 Thread[DRDAConnThread_5,5,main] (DATABASE = null), (DRDAID = null), Execution failed because of a Distributed Protocol Error:  DRDA_Proto_SYNTAXRM; CODPNT arg  = 0; Error Code Value = 3. Plaintext connection attempt from an SSL enabled client?
Wed Feb 15 10:14:06 IST 2023 : Execution failed because of a Distributed Protocol Error:  DRDA_Proto_SYNTAXRM; CODPNT arg  = 0; Error Code Value = 3. Plaintext connection attempt from an SSL enabled client?
org.apache.derby.impl.drda.DRDAProtocolException: Execution failed because of a Distributed Protocol Error:  DRDA_Proto_SYNTAXRM; CODPNT arg  = 0; Error Code Value = 3. Plaintext connection attempt from an SSL enabled client?
	at org.apache.derby.impl.drda.DRDAConnThread.throwSyntaxrm(DRDAConnThread.java:531)
	at org.apache.derby.impl.drda.DDMReader.readDssHeader(DDMReader.java:359)
	at org.apache.derby.impl.drda.DRDAConnThread.exchangeServerAttributes(DRDAConnThread.java:1174)
	at org.apache.derby.impl.drda.DRDAConnThread.sessionInitialState(DRDAConnThread.java:682)
	at org.apache.derby.impl.drda.DRDAConnThread.run(DRDAConnThread.java:286)
Wed Feb 15 10:15:06 IST 2023 Thread[DRDAConnThread_6,5,main] (DATABASE = null), (DRDAID = null), Execution failed because of a Distributed Protocol Error:  DRDA_Proto_SYNTAXRM; CODPNT arg  = 0; Error Code Value = 3. Plaintext connection attempt from an SSL enabled client?
Wed Feb 15 10:15:06 IST 2023 : Execution failed because of a Distributed Protocol Error:  DRDA_Proto_SYNTAXRM; CODPNT arg  = 0; Error Code Value = 3. Plaintext connection attempt from an SSL enabled client?
org.apache.derby.impl.drda.DRDAProtocolException: Execution failed because of a Distributed Protocol Error:  DRDA_Proto_SYNTAXRM; CODPNT arg  = 0; Error Code Value = 3. Plaintext connection attempt from an SSL enabled client?
	at org.apache.derby.impl.drda.DRDAConnThread.throwSyntaxrm(DRDAConnThread.java:531)
	at org.apache.derby.impl.drda.DDMReader.readDssHeader(DDMReader.java:359)
	at org.apache.derby.impl.drda.DRDAConnThread.exchangeServerAttributes(DRDAConnThread.java:1174)
	at org.apache.derby.impl.drda.DRDAConnThread.sessionInitialState(DRDAConnThread.java:682)
	at org.apache.derby.impl.drda.DRDAConnThread.run(DRDAConnThread.java:286)
Wed Feb 15 10:15:06 IST 2023 Thread[DRDAConnThread_6,5,main] (DATABASE = null), (DRDAID = null), Execution failed because of a Distributed Protocol Error:  DRDA_Proto_SYNTAXRM; CODPNT arg  = 0; Error Code Value = 3. Plaintext connection attempt from an SSL enabled client?
Wed Feb 15 10:15:06 IST 2023 : Execution failed because of a Distributed Protocol Error:  DRDA_Proto_SYNTAXRM; CODPNT arg  = 0; Error Code Value = 3. Plaintext connection attempt from an SSL enabled client?
org.apache.derby.impl.drda.DRDAProtocolException: Execution failed because of a Distributed Protocol Error:  DRDA_Proto_SYNTAXRM; CODPNT arg  = 0; Error Code Value = 3. Plaintext connection attempt from an SSL enabled client?
	at org.apache.derby.impl.drda.DRDAConnThread.throwSyntaxrm(DRDAConnThread.java:531)
	at org.apache.derby.impl.drda.DDMReader.readDssHeader(DDMReader.java:359)
	at org.apache.derby.impl.drda.DRDAConnThread.exchangeServerAttributes(DRDAConnThread.java:1174)
	at org.apache.derby.impl.drda.DRDAConnThread.sessionInitialState(DRDAConnThread.java:682)
	at org.apache.derby.impl.drda.DRDAConnThread.run(DRDAConnThread.java:286)
----------------------------------------------------------------
Wed Feb 15 14:21:50 IST 2023: Shutting down Derby engine
----------------------------------------------------------------
